d:\dropbox\work\game tech 2014\game tech 2014\game technologies\game technologies\debug\collisionhelper.obj
d:\dropbox\work\game tech 2014\game tech 2014\game technologies\game technologies\debug\gameclass.obj
d:\dropbox\work\game tech 2014\game tech 2014\game technologies\game technologies\debug\gameentity.obj
d:\dropbox\work\game tech 2014\game tech 2014\game technologies\game technologies\debug\main.obj
d:\dropbox\work\game tech 2014\game tech 2014\game technologies\game technologies\debug\mygame.obj
d:\dropbox\work\game tech 2014\game tech 2014\game technologies\game technologies\debug\physicsnode.obj
d:\dropbox\work\game tech 2014\game tech 2014\game technologies\game technologies\debug\physicssystem.obj
d:\dropbox\work\game tech 2014\game tech 2014\game technologies\game technologies\debug\renderer.obj
d:\dropbox\work\game tech 2014\game tech 2014\game technologies\game technologies\debug\spring.obj
d:\dropbox\work\game tech 2014\game tech 2014\game technologies\game technologies\debug\springdemo.obj
d:\dropbox\work\game tech 2014\game tech 2014\game technologies\game technologies\debug\vc110.pdb
d:\visual studio 2013\game tech 2014\game technologies\game technologies\debug\collisionhelper.obj
d:\visual studio 2013\game tech 2014\game technologies\game technologies\debug\gameclass.obj
d:\visual studio 2013\game tech 2014\game technologies\game technologies\debug\gameentity.obj
d:\visual studio 2013\game tech 2014\game technologies\game technologies\debug\main.obj
d:\visual studio 2013\game tech 2014\game technologies\game technologies\debug\mygame.obj
d:\visual studio 2013\game tech 2014\game technologies\game technologies\debug\physicsnode.obj
d:\visual studio 2013\game tech 2014\game technologies\game technologies\debug\physicssystem.obj
d:\visual studio 2013\game tech 2014\game technologies\game technologies\debug\renderer.obj
d:\visual studio 2013\game tech 2014\game technologies\game technologies\debug\spring.obj
d:\visual studio 2013\game tech 2014\game technologies\game technologies\debug\springdemo.obj
d:\visual studio 2013\game tech 2014\game technologies\game technologies\debug\vc110.pdb
d:\dropbox\work\game tech 2014\game tech 2014\game technologies\debug\gametech.ilk
d:\dropbox\work\game tech 2014\game tech 2014\game technologies\debug\gametech.exe
d:\dropbox\work\game tech 2014\game tech 2014\game technologies\debug\gametech.pdb
d:\visual studio 2013\game tech 2014\game technologies\debug\gametech.ilk
d:\visual studio 2013\game tech 2014\game technologies\debug\gametech.exe
d:\visual studio 2013\game tech 2014\game technologies\debug\gametech.pdb
d:\visual studio 2013\game tech 2014\game technologies\game technologies\debug\vc120.pdb
d:\visual studio 2013\game tech 2014\game technologies\game technologies\debug\vc120.idb
d:\visual studio 2013\game tech 2014\game technologies\game technologies\debug\gametech.vcxprojresolveassemblyreference.cache
d:\visual studio 2013\game tech 2014\game technologies\game technologies\debug\cl.command.1.tlog
d:\visual studio 2013\game tech 2014\game technologies\game technologies\debug\cl.read.1.tlog
d:\visual studio 2013\game tech 2014\game technologies\game technologies\debug\cl.write.1.tlog
d:\visual studio 2013\game tech 2014\game technologies\game technologies\debug\link-cvtres.read.1.tlog
d:\visual studio 2013\game tech 2014\game technologies\game technologies\debug\link-cvtres.write.1.tlog
d:\visual studio 2013\game tech 2014\game technologies\game technologies\debug\link-rc.read.1.tlog
d:\visual studio 2013\game tech 2014\game technologies\game technologies\debug\link-rc.write.1.tlog
d:\visual studio 2013\game tech 2014\game technologies\game technologies\debug\link.2196-cvtres.read.1.tlog
d:\visual studio 2013\game tech 2014\game technologies\game technologies\debug\link.2196-cvtres.write.1.tlog
d:\visual studio 2013\game tech 2014\game technologies\game technologies\debug\link.2196-rc.read.1.tlog
d:\visual studio 2013\game tech 2014\game technologies\game technologies\debug\link.2196-rc.write.1.tlog
d:\visual studio 2013\game tech 2014\game technologies\game technologies\debug\link.2196.read.1.tlog
d:\visual studio 2013\game tech 2014\game technologies\game technologies\debug\link.2196.write.1.tlog
d:\visual studio 2013\game tech 2014\game technologies\game technologies\debug\link.3828-cvtres.read.1.tlog
d:\visual studio 2013\game tech 2014\game technologies\game technologies\debug\link.3828-cvtres.write.1.tlog
d:\visual studio 2013\game tech 2014\game technologies\game technologies\debug\link.3828-rc.read.1.tlog
d:\visual studio 2013\game tech 2014\game technologies\game technologies\debug\link.3828-rc.write.1.tlog
d:\visual studio 2013\game tech 2014\game technologies\game technologies\debug\link.3828.read.1.tlog
d:\visual studio 2013\game tech 2014\game technologies\game technologies\debug\link.3828.write.1.tlog
d:\visual studio 2013\game tech 2014\game technologies\game technologies\debug\link.7096-cvtres.read.1.tlog
d:\visual studio 2013\game tech 2014\game technologies\game technologies\debug\link.7096-cvtres.write.1.tlog
d:\visual studio 2013\game tech 2014\game technologies\game technologies\debug\link.7096-rc.read.1.tlog
d:\visual studio 2013\game tech 2014\game technologies\game technologies\debug\link.7096-rc.write.1.tlog
d:\visual studio 2013\game tech 2014\game technologies\game technologies\debug\link.7096.read.1.tlog
d:\visual studio 2013\game tech 2014\game technologies\game technologies\debug\link.7096.write.1.tlog
d:\visual studio 2013\game tech 2014\game technologies\game technologies\debug\link.7200-cvtres.read.1.tlog
d:\visual studio 2013\game tech 2014\game technologies\game technologies\debug\link.7200-cvtres.write.1.tlog
d:\visual studio 2013\game tech 2014\game technologies\game technologies\debug\link.7200-rc.read.1.tlog
d:\visual studio 2013\game tech 2014\game technologies\game technologies\debug\link.7200-rc.write.1.tlog
d:\visual studio 2013\game tech 2014\game technologies\game technologies\debug\link.7200.read.1.tlog
d:\visual studio 2013\game tech 2014\game technologies\game technologies\debug\link.7200.write.1.tlog
d:\visual studio 2013\game tech 2014\game technologies\game technologies\debug\link.command.1.tlog
d:\visual studio 2013\game tech 2014\game technologies\game technologies\debug\link.read.1.tlog
d:\visual studio 2013\game tech 2014\game technologies\game technologies\debug\link.write.1.tlog
d:\visual studio 2013\game tech 2014\game technologies\game technologies\debug\vc110.idb
d:\visual studio 2013\game tech 2014\game technologies\game technologies\debug\gametech.tlog\cl.command.1.tlog
d:\visual studio 2013\game tech 2014\game technologies\game technologies\debug\gametech.tlog\cl.read.1.tlog
d:\visual studio 2013\game tech 2014\game technologies\game technologies\debug\gametech.tlog\cl.write.1.tlog
d:\visual studio 2013\game tech 2014\game technologies\game technologies\debug\gametech.tlog\link.command.1.tlog
d:\visual studio 2013\game tech 2014\game technologies\game technologies\debug\gametech.tlog\link.read.1.tlog
d:\visual studio 2013\game tech 2014\game technologies\game technologies\debug\gametech.tlog\link.write.1.tlog
