生成启动时间为 2015/4/13 17:28:36。
     1>项目“D:\GitHub\InfiniteRunning\Game Tech 2014\Game Technologies\Game Technologies\GameTech.vcxproj”在节点 2 上(Build 个目标)。
     1>ClCompile:
         C:\Program Files (x86)\Microsoft Visual Studio 12.0\VC\bin\CL.exe /c /ZI /nologo /W3 /WX- /Od /Oy- /D _MBCS /Gm /EHsc /RTC1 /MDd /GS /fp:precise /Zc:wchar_t /Zc:forScope /Fo"Debug\\" /Fd"Debug\vc120.pdb" /Gd /TP /analyze- /errorReport:prompt MyGame.cpp
         MyGame.cpp
     1>d:\github\infiniterunning\game tech 2014\nclgl\keyboard.h : warning C4819: 该文件包含不能在当前代码页(936)中表示的字符。请将该文件保存为 Unicode 格式以防止数据丢失
     1>d:\github\infiniterunning\game tech 2014\game technologies\game technologies\mygame.cpp(47): warning C4305: “参数”: 从“double”到“const float”截断
     1>d:\github\infiniterunning\game tech 2014\game technologies\game technologies\mygame.cpp(53): warning C4305: “参数”: 从“double”到“const float”截断
     1>d:\github\infiniterunning\game tech 2014\game technologies\game technologies\mygame.cpp(65): warning C4305: “参数”: 从“double”到“const float”截断
     1>d:\github\infiniterunning\game tech 2014\game technologies\game technologies\mygame.cpp(110): warning C4305: “参数”: 从“double”到“float”截断
       Link:
         C:\Program Files (x86)\Microsoft Visual Studio 12.0\VC\bin\link.exe /ERRORREPORT:PROMPT /OUT:"D:\GitHub\InfiniteRunning\Game Tech 2014\Game Technologies\Debug\GameTech.exe" /INCREMENTAL /NOLOGO kernel32.lib user32.lib gdi32.lib winspool.lib comdlg32.lib advapi32.lib shell32.lib ole32.lib oleaut32.lib uuid.lib odbc32.lib odbccp32.lib /MANIFEST /MANIFESTUAC:"level='asInvoker' uiAccess='false'" /manifest:embed /DEBUG /PDB:"D:\GitHub\InfiniteRunning\Game Tech 2014\Game Technologies\Debug\GameTech.pdb" /TLBID:1 /DYNAMICBASE /NXCOMPAT /IMPLIB:"D:\GitHub\InfiniteRunning\Game Tech 2014\Game Technologies\Debug\GameTech.lib" /MACHINE:X86 Debug\CollisionHelper.obj
         Debug\GameClass.obj
         Debug\GameEntity.obj
         Debug\Main.obj
         Debug\MyGame.obj
         Debug\PhysicsNode.obj
         Debug\PhysicsSystem.obj
         Debug\Renderer.obj
         Debug\Spring.obj
         Debug\SpringDemo.obj
         "D:\GitHub\InfiniteRunning\Game Tech 2014\Game Technologies\Debug\nclgl.lib"
         GameTech.vcxproj -> D:\GitHub\InfiniteRunning\Game Tech 2014\Game Technologies\Debug\GameTech.exe
     1>已完成生成项目“D:\GitHub\InfiniteRunning\Game Tech 2014\Game Technologies\Game Technologies\GameTech.vcxproj”(Build 个目标)的操作。

生成成功。

已用时间 00:00:01.67
